<?xml version="1.0" encoding="utf-8"?><testsuites name="pytest tests"><testsuite name="pytest" errors="0" failures="0" skipped="0" tests="41" time="14.916" timestamp="2026-05-03T20:37:24.267228+00:00" hostname="agent-env-219aef9a-6c38-41d0-8e3e-fa97402b3bf6"><testcase classname="tests.test_skill_tree_iter3" name="test_create_root_and_sub" time="0.930" /><testcase classname="tests.test_skill_tree_iter3" name="test_invalid_parent_returns_400" time="0.107" /><testcase classname="tests.test_skill_tree_iter3" name="test_cascading_xp_two_levels" time="0.847" /><testcase classname="tests.test_skill_tree_iter3" name="test_cascading_three_levels" time="0.867" /><testcase classname="tests.test_skill_tree_iter3" name="test_put_change_parent" time="0.918" /><testcase classname="tests.test_skill_tree_iter3" name="test_put_cycle_self" time="0.716" /><testcase classname="tests.test_skill_tree_iter3" name="test_put_cycle_descendant" time="0.602" /><testcase classname="tests.test_skill_tree_iter3" name="test_delete_cascades" time="0.910" /><testcase classname="tests.test_skill_tree_iter3" name="test_delete_nullifies_quest_skill_id" time="0.852" /><testcase classname="tests.test_skill_tree_iter3" name="test_character_total_no_double_count" time="0.672" /><testcase classname="tests.test_skill_tree_iter3" name="test_profile_tree_shape" time="0.106" /><testcase classname="tests.test_skill_tree_iter3" name="test_quest_complete_cascades_to_ancestors" time="1.198" /><testcase classname="tests.test_friends_and_social_quests.TestFriendCode" name="test_register_returns_6char_friend_code" time="0.338" /><testcase classname="tests.test_friends_and_social_quests.TestFriendCode" name="test_me_returns_friend_code" time="0.049" /><testcase classname="tests.test_friends_and_social_quests.TestFriendCode" name="test_admin_has_friend_code" time="0.269" /><testcase classname="tests.test_friends_and_social_quests.TestFriendRequests" name="test_reject_self_code" time="0.053" /><testcase classname="tests.test_friends_and_social_quests.TestFriendRequests" name="test_reject_unknown_code" time="0.050" /><testcase classname="tests.test_friends_and_social_quests.TestFriendRequests" name="test_send_accept_flow_and_duplicate" time="0.627" /><testcase classname="tests.test_friends_and_social_quests.TestFriendRequests" name="test_friends_list_has_relationship_50" time="0.047" /><testcase classname="tests.test_friends_and_social_quests.TestProfileView" name="test_view_friend_profile" time="0.052" /><testcase classname="tests.test_friends_and_social_quests.TestProfileView" name="test_view_stranger_profile_forbidden" time="0.433" /><testcase classname="tests.test_friends_and_social_quests.TestSocialQuests" name="test_assign_and_complete_flow" time="0.435" /><testcase classname="tests.test_friends_and_social_quests.TestSocialQuests" name="test_decline_drops_relationship" time="0.135" /><testcase classname="tests.test_friends_and_social_quests.TestSocialQuests" name="test_assign_requires_friendship" time="0.402" /><testcase classname="tests.test_friends_and_social_quests.TestSocialQuests" name="test_skill_id_must_belong_to_recipient" time="0.104" /><testcase classname="tests.test_friends_and_social_quests.TestSocialQuests" name="test_auto_expire_past_deadline" time="0.208" /><testcase classname="tests.test_friends_and_social_quests.TestSelfQuestsStillWork" name="test_self_quest_complete" time="0.141" /><testcase classname="tests.test_friends_and_social_quests.TestUnfriend" name="test_unfriend_removes" time="0.157" /><testcase classname="tests.test_lifetrack_api" name="test_health" time="0.102" /><testcase classname="tests.test_lifetrack_api" name="test_login_existing_admin" time="0.282" /><testcase classname="tests.test_lifetrack_api" name="test_login_invalid" time="0.273" /><testcase classname="tests.test_lifetrack_api" name="test_me_requires_auth" time="0.052" /><testcase classname="tests.test_lifetrack_api" name="test_me_with_token" time="0.321" /><testcase classname="tests.test_lifetrack_api" name="test_register_duplicate" time="0.052" /><testcase classname="tests.test_lifetrack_api" name="test_get_character" time="0.049" /><testcase classname="tests.test_lifetrack_api" name="test_update_character_name" time="0.107" /><testcase classname="tests.test_lifetrack_api" name="test_status_adjust_and_clamp" time="0.159" /><testcase classname="tests.test_lifetrack_api" name="test_status_set_and_invalid" time="0.101" /><testcase classname="tests.test_lifetrack_api" name="test_skills_crud_and_xp" time="0.366" /><testcase classname="tests.test_lifetrack_api" name="test_quests_full_flow" time="0.589" /><testcase classname="tests.test_lifetrack_api" name="test_protected_routes_without_token" time="0.148" /></testsuite></testsuites>