<?xml version="1.0" encoding="utf-8"?><testsuites name="pytest tests"><testsuite name="pytest" errors="0" failures="0" skipped="0" tests="16" time="3.901" timestamp="2026-05-03T20:28:25.849491+00:00" hostname="agent-env-219aef9a-6c38-41d0-8e3e-fa97402b3bf6"><testcase classname="backend.tests.test_friends_and_social_quests.TestFriendCode" name="test_register_returns_6char_friend_code" time="0.401" /><testcase classname="backend.tests.test_friends_and_social_quests.TestFriendCode" name="test_me_returns_friend_code" time="0.052" /><testcase classname="backend.tests.test_friends_and_social_quests.TestFriendCode" name="test_admin_has_friend_code" time="0.288" /><testcase classname="backend.tests.test_friends_and_social_quests.TestFriendRequests" name="test_reject_self_code" time="0.052" /><testcase classname="backend.tests.test_friends_and_social_quests.TestFriendRequests" name="test_reject_unknown_code" time="0.052" /><testcase classname="backend.tests.test_friends_and_social_quests.TestFriendRequests" name="test_send_accept_flow_and_duplicate" time="0.728" /><testcase classname="backend.tests.test_friends_and_social_quests.TestFriendRequests" name="test_friends_list_has_relationship_50" time="0.053" /><testcase classname="backend.tests.test_friends_and_social_quests.TestProfileView" name="test_view_friend_profile" time="0.056" /><testcase classname="backend.tests.test_friends_and_social_quests.TestProfileView" name="test_view_stranger_profile_forbidden" time="0.400" /><testcase classname="backend.tests.test_friends_and_social_quests.TestSocialQuests" name="test_assign_and_complete_flow" time="0.501" /><testcase classname="backend.tests.test_friends_and_social_quests.TestSocialQuests" name="test_decline_drops_relationship" time="0.146" /><testcase classname="backend.tests.test_friends_and_social_quests.TestSocialQuests" name="test_assign_requires_friendship" time="0.399" /><testcase classname="backend.tests.test_friends_and_social_quests.TestSocialQuests" name="test_skill_id_must_belong_to_recipient" time="0.100" /><testcase classname="backend.tests.test_friends_and_social_quests.TestSocialQuests" name="test_auto_expire_past_deadline" time="0.226" /><testcase classname="backend.tests.test_friends_and_social_quests.TestSelfQuestsStillWork" name="test_self_quest_complete" time="0.157" /><testcase classname="backend.tests.test_friends_and_social_quests.TestUnfriend" name="test_unfriend_removes" time="0.148" /></testsuite></testsuites>