<?xml version="1.0" encoding="utf-8"?><testsuites name="pytest tests"><testsuite name="pytest" errors="0" failures="0" skipped="0" tests="13" time="2.983" timestamp="2026-05-03T19:59:36.125677+00:00" hostname="agent-env-219aef9a-6c38-41d0-8e3e-fa97402b3bf6"><testcase classname="backend.tests.test_lifetrack_api" name="test_health" time="0.156" /><testcase classname="backend.tests.test_lifetrack_api" name="test_login_existing_admin" time="0.284" /><testcase classname="backend.tests.test_lifetrack_api" name="test_login_invalid" time="0.274" /><testcase classname="backend.tests.test_lifetrack_api" name="test_me_requires_auth" time="0.058" /><testcase classname="backend.tests.test_lifetrack_api" name="test_me_with_token" time="0.339" /><testcase classname="backend.tests.test_lifetrack_api" name="test_register_duplicate" time="0.074" /><testcase classname="backend.tests.test_lifetrack_api" name="test_get_character" time="0.053" /><testcase classname="backend.tests.test_lifetrack_api" name="test_update_character_name" time="0.114" /><testcase classname="backend.tests.test_lifetrack_api" name="test_status_adjust_and_clamp" time="0.173" /><testcase classname="backend.tests.test_lifetrack_api" name="test_status_set_and_invalid" time="0.111" /><testcase classname="backend.tests.test_lifetrack_api" name="test_skills_crud_and_xp" time="0.399" /><testcase classname="backend.tests.test_lifetrack_api" name="test_quests_full_flow" time="0.696" /><testcase classname="backend.tests.test_lifetrack_api" name="test_protected_routes_without_token" time="0.158" /></testsuite></testsuites>